<?xml version="1.0" encoding="UTF-8"?>
<!-- Generated by org.testng.reporters.JUnitXMLReporter -->
<testsuite hostname="DESKTOP-HCNTDJ1" ignored="0" name="Default test" tests="3" failures="0" timestamp="2020-07-17T00:47:59 IST" time="129.117" errors="0">
  <testcase name="registrationTest" time="31.671" classname="com.application.AutomateTheWebApplication"/>
  <testcase name="loginTest" time="25.762" classname="com.application.AutomateTheWebApplication"/>
  <testcase name="searchingandAddingToCartTest" time="31.149" classname="com.application.AutomateTheWebApplication"/>
</testsuite> <!-- Default test -->
