<?xml version="1.0" encoding="UTF-8"?>
<testng-results skipped="0" failed="0" ignored="0" total="3" passed="3">
  <reporter-output>
  </reporter-output>
  <suite name="Default suite" duration-ms="129117" started-at="2020-07-17T00:45:50 IST" finished-at="2020-07-17T00:47:59 IST">
    <groups>
    </groups>
    <test name="Default test" duration-ms="129117" started-at="2020-07-17T00:45:50 IST" finished-at="2020-07-17T00:47:59 IST">
      <class name="com.application.AutomateTheWebApplication">
        <test-method status="PASS" signature="launchTheWebsite()[pri:0, instance:com.application.AutomateTheWebApplication@47ef968d]" name="launchTheWebsite" is-config="true" duration-ms="13573" started-at="2020-07-17T00:45:50 IST" finished-at="2020-07-17T00:46:03 IST">
          <reporter-output>
          </reporter-output>
        </test-method> <!-- launchTheWebsite -->
        <test-method status="PASS" signature="registrationTest()[pri:0, instance:com.application.AutomateTheWebApplication@47ef968d]" name="registrationTest" duration-ms="31671" started-at="2020-07-17T00:46:03 IST" finished-at="2020-07-17T00:46:35 IST">
          <reporter-output>
          </reporter-output>
        </test-method> <!-- registrationTest -->
        <test-method status="PASS" signature="closingTheBrowser()[pri:0, instance:com.application.AutomateTheWebApplication@47ef968d]" name="closingTheBrowser" is-config="true" duration-ms="788" started-at="2020-07-17T00:46:35 IST" finished-at="2020-07-17T00:46:36 IST">
          <reporter-output>
          </reporter-output>
        </test-method> <!-- closingTheBrowser -->
        <test-method status="PASS" signature="launchTheWebsite()[pri:0, instance:com.application.AutomateTheWebApplication@47ef968d]" name="launchTheWebsite" is-config="true" duration-ms="10814" started-at="2020-07-17T00:46:36 IST" finished-at="2020-07-17T00:46:46 IST">
          <reporter-output>
          </reporter-output>
        </test-method> <!-- launchTheWebsite -->
        <test-method status="PASS" signature="loginTest()[pri:1, instance:com.application.AutomateTheWebApplication@47ef968d]" name="loginTest" duration-ms="25762" started-at="2020-07-17T00:46:46 IST" finished-at="2020-07-17T00:47:12 IST">
          <reporter-output>
          </reporter-output>
        </test-method> <!-- loginTest -->
        <test-method status="PASS" signature="closingTheBrowser()[pri:0, instance:com.application.AutomateTheWebApplication@47ef968d]" name="closingTheBrowser" is-config="true" duration-ms="719" started-at="2020-07-17T00:47:12 IST" finished-at="2020-07-17T00:47:13 IST">
          <reporter-output>
          </reporter-output>
        </test-method> <!-- closingTheBrowser -->
        <test-method status="PASS" signature="launchTheWebsite()[pri:0, instance:com.application.AutomateTheWebApplication@47ef968d]" name="launchTheWebsite" is-config="true" duration-ms="13801" started-at="2020-07-17T00:47:13 IST" finished-at="2020-07-17T00:47:27 IST">
          <reporter-output>
          </reporter-output>
        </test-method> <!-- launchTheWebsite -->
        <test-method status="PASS" signature="searchingandAddingToCartTest()[pri:2, instance:com.application.AutomateTheWebApplication@47ef968d]" name="searchingandAddingToCartTest" duration-ms="31149" started-at="2020-07-17T00:47:27 IST" finished-at="2020-07-17T00:47:58 IST">
          <reporter-output>
          </reporter-output>
        </test-method> <!-- searchingandAddingToCartTest -->
        <test-method status="PASS" signature="closingTheBrowser()[pri:0, instance:com.application.AutomateTheWebApplication@47ef968d]" name="closingTheBrowser" is-config="true" duration-ms="778" started-at="2020-07-17T00:47:58 IST" finished-at="2020-07-17T00:47:59 IST">
          <reporter-output>
          </reporter-output>
        </test-method> <!-- closingTheBrowser -->
      </class> <!-- com.application.AutomateTheWebApplication -->
    </test> <!-- Default test -->
  </suite> <!-- Default suite -->
</testng-results>
